0 info it worked if it ends with ok
1 verbose cli [ '/usr/local/bin/node', '/usr/local/bin/npm', 'publish' ]
2 info using npm@3.10.3
3 info using node@v6.3.1
4 verbose publish [ '.' ]
5 silly cache add args [ '.', null ]
6 verbose cache add spec .
7 silly cache add parsed spec Result {
7 silly cache add   raw: '.',
7 silly cache add   scope: null,
7 silly cache add   escapedName: null,
7 silly cache add   name: null,
7 silly cache add   rawSpec: '.',
7 silly cache add   spec: '/Users/colin/Workspace/musefind/libraries/musefind-react-scripts/packages/babel-preset-react-app',
7 silly cache add   type: 'directory' }
8 verbose addLocalDirectory /Users/colin/.npm/musefind-babel-preset-react-app/2.0.0/package.tgz not in flight; packing
9 verbose correctMkdir /Users/colin/.npm correctMkdir not in flight; initializing
10 info lifecycle musefind-babel-preset-react-app@2.0.0~prepublish: musefind-babel-preset-react-app@2.0.0
11 silly lifecycle musefind-babel-preset-react-app@2.0.0~prepublish: no script for prepublish, continuing
12 verbose tar pack [ '/Users/colin/.npm/musefind-babel-preset-react-app/2.0.0/package.tgz',
12 verbose tar pack   '/Users/colin/Workspace/musefind/libraries/musefind-react-scripts/packages/babel-preset-react-app' ]
13 verbose tarball /Users/colin/.npm/musefind-babel-preset-react-app/2.0.0/package.tgz
14 verbose folder /Users/colin/Workspace/musefind/libraries/musefind-react-scripts/packages/babel-preset-react-app
15 verbose addLocalTarball adding from inside cache /Users/colin/.npm/musefind-babel-preset-react-app/2.0.0/package.tgz
16 verbose correctMkdir /Users/colin/.npm correctMkdir not in flight; initializing
17 silly cache afterAdd musefind-babel-preset-react-app@2.0.0
18 verbose afterAdd /Users/colin/.npm/musefind-babel-preset-react-app/2.0.0/package/package.json not in flight; writing
19 verbose correctMkdir /Users/colin/.npm correctMkdir not in flight; initializing
20 verbose afterAdd /Users/colin/.npm/musefind-babel-preset-react-app/2.0.0/package/package.json written
21 silly publish { name: 'musefind-babel-preset-react-app',
21 silly publish   version: '2.0.0',
21 silly publish   description: 'Musefind babel presets fork.',
21 silly publish   main: 'index.js',
21 silly publish   files: [ 'index.js' ],
21 silly publish   repository:
21 silly publish    { type: 'git',
21 silly publish      url: 'git+https://github.com/coldog/musefind-react-scripts.git' },
21 silly publish   author: { name: 'Colin Walker' },
21 silly publish   license: 'ISC',
21 silly publish   dependencies:
21 silly publish    { 'babel-plugin-transform-class-properties': '6.11.5',
21 silly publish      'babel-plugin-transform-decorators-legacy': '^1.3.4',
21 silly publish      'babel-plugin-transform-object-rest-spread': '6.8.0',
21 silly publish      'babel-plugin-transform-react-constant-elements': '6.9.1',
21 silly publish      'babel-plugin-transform-react-jsx-self': '6.11.0',
21 silly publish      'babel-plugin-transform-react-jsx-source': '6.9.0',
21 silly publish      'babel-plugin-transform-regenerator': '6.16.1',
21 silly publish      'babel-plugin-transform-runtime': '6.15.0',
21 silly publish      'babel-preset-decorators-legacy': '^1.0.0',
21 silly publish      'babel-preset-env': '0.0.4',
21 silly publish      'babel-preset-latest': '6.14.0',
21 silly publish      'babel-preset-react': '6.11.1',
21 silly publish      'babel-runtime': '6.11.6' },
21 silly publish   readme: '# musefind-babel-preset-react-app\n\nThis includes the Babel preset for the create-create-app but with decorators and\nsass enabled.\n',
21 silly publish   readmeFilename: 'readme.md',
21 silly publish   bugs: { url: 'https://github.com/coldog/musefind-react-scripts/issues' },
21 silly publish   homepage: 'https://github.com/coldog/musefind-react-scripts#readme',
21 silly publish   _id: 'musefind-babel-preset-react-app@2.0.0',
21 silly publish   scripts: {},
21 silly publish   _shasum: 'bddbcc30730d715509e2be05d52c8efb7e346c96',
21 silly publish   _from: '.' }
22 verbose getPublishConfig undefined
23 silly mapToRegistry name musefind-babel-preset-react-app
24 silly mapToRegistry using default registry
25 silly mapToRegistry registry https://registry.npmjs.org/
26 silly mapToRegistry data Result {
26 silly mapToRegistry   raw: 'musefind-babel-preset-react-app',
26 silly mapToRegistry   scope: null,
26 silly mapToRegistry   escapedName: 'musefind-babel-preset-react-app',
26 silly mapToRegistry   name: 'musefind-babel-preset-react-app',
26 silly mapToRegistry   rawSpec: '',
26 silly mapToRegistry   spec: 'latest',
26 silly mapToRegistry   type: 'tag' }
27 silly mapToRegistry uri https://registry.npmjs.org/musefind-babel-preset-react-app
28 verbose publish registryBase https://registry.npmjs.org/
29 silly publish uploading /Users/colin/.npm/musefind-babel-preset-react-app/2.0.0/package.tgz
30 verbose request uri https://registry.npmjs.org/musefind-babel-preset-react-app
31 verbose request sending authorization for write operation
32 info attempt registry request try #1 at 4:27:41 PM
33 verbose request using bearer token for auth
34 verbose request id 0ee81811dca05db1
35 http request PUT https://registry.npmjs.org/musefind-babel-preset-react-app
36 http 403 https://registry.npmjs.org/musefind-babel-preset-react-app
37 verbose headers { 'content-type': 'application/json',
37 verbose headers   'cache-control': 'max-age=300',
37 verbose headers   'content-length': '95',
37 verbose headers   'accept-ranges': 'bytes',
37 verbose headers   date: 'Mon, 17 Oct 2016 23:27:41 GMT',
37 verbose headers   via: '1.1 varnish',
37 verbose headers   connection: 'keep-alive',
37 verbose headers   'x-served-by': 'cache-sea1924-SEA',
37 verbose headers   'x-cache': 'MISS',
37 verbose headers   'x-cache-hits': '0',
37 verbose headers   'x-timer': 'S1476746861.499675,VS0,VE81',
37 verbose headers   vary: 'Accept-Encoding' }
38 verbose request invalidating /Users/colin/.npm/registry.npmjs.org/musefind-babel-preset-react-app on PUT
39 error publish Failed PUT 403
40 verbose stack Error: "You cannot publish over the previously published version 2.0.0." : musefind-babel-preset-react-app
40 verbose stack     at makeError (/usr/local/lib/node_modules/npm/node_modules/npm-registry-client/lib/request.js:264:12)
40 verbose stack     at CachingRegistryClient.<anonymous> (/usr/local/lib/node_modules/npm/node_modules/npm-registry-client/lib/request.js:252:14)
40 verbose stack     at Request._callback (/usr/local/lib/node_modules/npm/node_modules/npm-registry-client/lib/request.js:172:14)
40 verbose stack     at Request.self.callback (/usr/local/lib/node_modules/npm/node_modules/request/request.js:200:22)
40 verbose stack     at emitTwo (events.js:106:13)
40 verbose stack     at Request.emit (events.js:191:7)
40 verbose stack     at Request.<anonymous> (/usr/local/lib/node_modules/npm/node_modules/request/request.js:1067:10)
40 verbose stack     at emitOne (events.js:101:20)
40 verbose stack     at Request.emit (events.js:188:7)
40 verbose stack     at IncomingMessage.<anonymous> (/usr/local/lib/node_modules/npm/node_modules/request/request.js:988:12)
41 verbose statusCode 403
42 verbose pkgid musefind-babel-preset-react-app
43 verbose cwd /Users/colin/Workspace/musefind/libraries/musefind-react-scripts/packages/babel-preset-react-app
44 error Darwin 15.6.0
45 error argv "/usr/local/bin/node" "/usr/local/bin/npm" "publish"
46 error node v6.3.1
47 error npm  v3.10.3
48 error code E403
49 error "You cannot publish over the previously published version 2.0.0." : musefind-babel-preset-react-app
50 error If you need help, you may report this error at:
50 error     <https://github.com/npm/npm/issues>
51 verbose exit [ 1, true ]
