0 info it worked if it ends with ok
1 verbose cli [ '/usr/local/Cellar/node/6.0.0/bin/node',
1 verbose cli   '/usr/local/bin/npm',
1 verbose cli   'publish' ]
2 info using npm@3.8.6
3 info using node@v6.0.0
4 verbose publish [ '.' ]
5 silly cache add args [ '.', null ]
6 verbose cache add spec .
7 silly cache add parsed spec Result {
7 silly cache add   raw: '.',
7 silly cache add   scope: null,
7 silly cache add   name: null,
7 silly cache add   rawSpec: '.',
7 silly cache add   spec: '/Users/spruceberry/Developer/m2/musefind-react-scripts/packages/react-scripts',
7 silly cache add   type: 'directory' }
8 verbose addLocalDirectory /Users/spruceberry/.npm/musefind-react-scripts/2.2.6/package.tgz not in flight; packing
9 verbose correctMkdir /Users/spruceberry/.npm correctMkdir not in flight; initializing
10 info lifecycle musefind-react-scripts@2.2.6~prepublish: musefind-react-scripts@2.2.6
11 silly lifecycle musefind-react-scripts@2.2.6~prepublish: no script for prepublish, continuing
12 verbose tar pack [ '/Users/spruceberry/.npm/musefind-react-scripts/2.2.6/package.tgz',
12 verbose tar pack   '/Users/spruceberry/Developer/m2/musefind-react-scripts/packages/react-scripts' ]
13 verbose tarball /Users/spruceberry/.npm/musefind-react-scripts/2.2.6/package.tgz
14 verbose folder /Users/spruceberry/Developer/m2/musefind-react-scripts/packages/react-scripts
15 verbose addLocalTarball adding from inside cache /Users/spruceberry/.npm/musefind-react-scripts/2.2.6/package.tgz
16 verbose correctMkdir /Users/spruceberry/.npm correctMkdir not in flight; initializing
17 silly cache afterAdd musefind-react-scripts@2.2.6
18 verbose afterAdd /Users/spruceberry/.npm/musefind-react-scripts/2.2.6/package/package.json not in flight; writing
19 verbose correctMkdir /Users/spruceberry/.npm correctMkdir not in flight; initializing
20 verbose afterAdd /Users/spruceberry/.npm/musefind-react-scripts/2.2.6/package/package.json written
21 silly publish { name: 'musefind-react-scripts',
21 silly publish   version: '2.2.6',
21 silly publish   description: 'Configuration and scripts for Create React App.',
21 silly publish   repository:
21 silly publish    { type: 'git',
21 silly publish      url: 'git+https://github.com/coldog/musefind-react-scripts.git' },
21 silly publish   license: 'ISC',
21 silly publish   engines: { node: '>=4' },
21 silly publish   files: [ '.eslintrc', 'bin', 'config', 'scripts', 'template', 'utils' ],
21 silly publish   bin: { 'react-scripts': './bin/react-scripts.js' },
21 silly publish   dependencies:
21 silly publish    { autoprefixer: '6.4.1',
21 silly publish      'babel-core': '6.14.0',
21 silly publish      'babel-eslint': '6.1.2',
21 silly publish      'babel-jest': '16.0.0',
21 silly publish      'babel-loader': '6.2.5',
21 silly publish      'musefind-babel-preset-react-app': '2.0.0',
21 silly publish      'node-sass': '^3.10.1',
21 silly publish      'resolve-url-loader': '^1.6.0',
21 silly publish      'sass-loader': '^4.0.2',
21 silly publish      'imports-loader': '^0.6.5',
21 silly publish      'case-sensitive-paths-webpack-plugin': '1.1.4',
21 silly publish      chalk: '1.1.3',
21 silly publish      'connect-history-api-fallback': '1.3.0',
21 silly publish      'cross-spawn': '4.0.0',
21 silly publish      'css-loader': '0.24.0',
21 silly publish      'detect-port': '1.0.0',
21 silly publish      dotenv: '2.0.0',
21 silly publish      eslint: '3.5.0',
21 silly publish      'eslint-config-react-app': '^0.2.1',
21 silly publish      'eslint-loader': '1.5.0',
21 silly publish      'eslint-plugin-class-property': '^1.0.3',
21 silly publish      'eslint-plugin-flowtype': '2.18.1',
21 silly publish      'eslint-plugin-import': '1.12.0',
21 silly publish      'eslint-plugin-jsx-a11y': '2.2.2',
21 silly publish      'eslint-plugin-react': '6.3.0',
21 silly publish      'extract-text-webpack-plugin': '1.0.1',
21 silly publish      'file-loader': '0.9.0',
21 silly publish      filesize: '3.3.0',
21 silly publish      'find-cache-dir': '0.1.1',
21 silly publish      'fs-extra': '0.30.0',
21 silly publish      'gzip-size': '3.0.0',
21 silly publish      'html-webpack-plugin': '2.22.0',
21 silly publish      'http-proxy-middleware': '0.17.1',
21 silly publish      jest: '18.1.0',
21 silly publish      'json-loader': '0.5.4',
21 silly publish      'object-assign': '4.1.0',
21 silly publish      'path-exists': '2.1.0',
21 silly publish      'postcss-loader': '0.13.0',
21 silly publish      promise: '7.1.1',
21 silly publish      'react-dev-utils': '^0.2.1',
21 silly publish      'recursive-readdir': '2.1.0',
21 silly publish      rimraf: '2.5.4',
21 silly publish      'strip-ansi': '3.0.1',
21 silly publish      'style-loader': '0.13.1',
21 silly publish      'url-loader': '0.5.7',
21 silly publish      webpack: '1.13.2',
21 silly publish      'webpack-dev-server': '1.16.1',
21 silly publish      'webpack-manifest-plugin': '1.0.1',
21 silly publish      'whatwg-fetch': '1.0.0',
21 silly publish      fsevents: '1.0.14',
21 silly publish      'babel-preset-react-app': '*' },
21 silly publish   devDependencies:
21 silly publish    { 'bundle-deps': '1.0.0',
21 silly publish      react: '^15.3.0',
21 silly publish      'react-dom': '^15.3.0' },
21 silly publish   optionalDependencies: { fsevents: '1.0.14' },
21 silly publish   readme: '# react-scripts\n\nThis package includes scripts and configuration used by [Create React App](https://github.com/facebookincubator/create-react-app).  \nPlease refer to its documentation:\n\n* [Getting Started](https://github.com/facebookincubator/create-react-app/blob/master/README.md#getting-started) – How to create a new app.\n* [User Guide](https://github.com/facebookincubator/create-react-app/blob/master/packages/react-scripts/template/README.md) – How to develop apps bootstrapped with Create React App.\n',
21 silly publish   readmeFilename: 'README.md',
21 silly publish   bugs: { url: 'https://github.com/coldog/musefind-react-scripts/issues' },
21 silly publish   homepage: 'https://github.com/coldog/musefind-react-scripts#readme',
21 silly publish   bundleDependencies:
21 silly publish    [ 'autoprefixer',
21 silly publish      'babel-core',
21 silly publish      'babel-eslint',
21 silly publish      'babel-jest',
21 silly publish      'babel-loader',
21 silly publish      'babel-preset-react-app',
21 silly publish      'case-sensitive-paths-webpack-plugin',
21 silly publish      'chalk',
21 silly publish      'connect-history-api-fallback',
21 silly publish      'cross-spawn',
21 silly publish      'css-loader',
21 silly publish      'detect-port',
21 silly publish      'dotenv',
21 silly publish      'eslint',
21 silly publish      'eslint-config-react-app',
21 silly publish      'eslint-loader',
21 silly publish      'eslint-plugin-flowtype',
21 silly publish      'eslint-plugin-import',
21 silly publish      'eslint-plugin-jsx-a11y',
21 silly publish      'eslint-plugin-react',
21 silly publish      'extract-text-webpack-plugin',
21 silly publish      'file-loader',
21 silly publish      'filesize',
21 silly publish      'find-cache-dir',
21 silly publish      'fs-extra',
21 silly publish      'gzip-size',
21 silly publish      'html-webpack-plugin',
21 silly publish      'http-proxy-middleware',
21 silly publish      'jest',
21 silly publish      'json-loader',
21 silly publish      'object-assign',
21 silly publish      'path-exists',
21 silly publish      'postcss-loader',
21 silly publish      'promise',
21 silly publish      'react-dev-utils',
21 silly publish      'recursive-readdir',
21 silly publish      'rimraf',
21 silly publish      'strip-ansi',
21 silly publish      'style-loader',
21 silly publish      'url-loader',
21 silly publish      'webpack',
21 silly publish      'webpack-dev-server',
21 silly publish      'whatwg-fetch' ],
21 silly publish   _id: 'musefind-react-scripts@2.2.6',
21 silly publish   scripts: {},
21 silly publish   _shasum: 'cf99247290b899ead1c45890476cd2be643de48e',
21 silly publish   _from: '.' }
22 verbose getPublishConfig undefined
23 silly mapToRegistry name musefind-react-scripts
24 silly mapToRegistry using default registry
25 silly mapToRegistry registry https://registry.npmjs.org/
26 silly mapToRegistry data Result {
26 silly mapToRegistry   raw: 'musefind-react-scripts',
26 silly mapToRegistry   scope: null,
26 silly mapToRegistry   name: 'musefind-react-scripts',
26 silly mapToRegistry   rawSpec: '',
26 silly mapToRegistry   spec: 'latest',
26 silly mapToRegistry   type: 'tag' }
27 silly mapToRegistry uri https://registry.npmjs.org/musefind-react-scripts
28 verbose publish registryBase https://registry.npmjs.org/
29 silly publish uploading /Users/spruceberry/.npm/musefind-react-scripts/2.2.6/package.tgz
30 verbose request uri https://registry.npmjs.org/musefind-react-scripts
31 verbose request sending authorization for write operation
32 info attempt registry request try #1 at 10:11:21 AM
33 verbose request using bearer token for auth
34 verbose request id 819109e761d63fb7
35 http request PUT https://registry.npmjs.org/musefind-react-scripts
36 http 403 https://registry.npmjs.org/musefind-react-scripts
37 verbose headers { 'content-type': 'application/json',
37 verbose headers   'cache-control': 'max-age=300',
37 verbose headers   'content-length': '95',
37 verbose headers   'accept-ranges': 'bytes',
37 verbose headers   date: 'Wed, 26 Apr 2017 17:11:22 GMT',
37 verbose headers   via: '1.1 varnish',
37 verbose headers   connection: 'keep-alive',
37 verbose headers   'x-served-by': 'cache-sea1028-SEA',
37 verbose headers   'x-cache': 'MISS',
37 verbose headers   'x-cache-hits': '0',
37 verbose headers   'x-timer': 'S1493226682.897640,VS0,VE176',
37 verbose headers   vary: 'Accept-Encoding' }
38 verbose request invalidating /Users/spruceberry/.npm/registry.npmjs.org/musefind-react-scripts on PUT
39 error publish Failed PUT 403
40 verbose stack Error: "You cannot publish over the previously published version 2.2.6." : musefind-react-scripts
40 verbose stack     at makeError (/usr/local/lib/node_modules/npm/node_modules/npm-registry-client/lib/request.js:264:12)
40 verbose stack     at CachingRegistryClient.<anonymous> (/usr/local/lib/node_modules/npm/node_modules/npm-registry-client/lib/request.js:252:14)
40 verbose stack     at Request._callback (/usr/local/lib/node_modules/npm/node_modules/npm-registry-client/lib/request.js:172:14)
40 verbose stack     at Request.self.callback (/usr/local/lib/node_modules/npm/node_modules/request/request.js:199:22)
40 verbose stack     at emitTwo (events.js:106:13)
40 verbose stack     at Request.emit (events.js:191:7)
40 verbose stack     at Request.<anonymous> (/usr/local/lib/node_modules/npm/node_modules/request/request.js:1036:10)
40 verbose stack     at emitOne (events.js:101:20)
40 verbose stack     at Request.emit (events.js:188:7)
40 verbose stack     at IncomingMessage.<anonymous> (/usr/local/lib/node_modules/npm/node_modules/request/request.js:963:12)
41 verbose statusCode 403
42 verbose pkgid musefind-react-scripts
43 verbose cwd /Users/spruceberry/Developer/m2/musefind-react-scripts/packages/react-scripts
44 error Darwin 15.6.0
45 error argv "/usr/local/Cellar/node/6.0.0/bin/node" "/usr/local/bin/npm" "publish"
46 error node v6.0.0
47 error npm  v3.8.6
48 error code E403
49 error "You cannot publish over the previously published version 2.2.6." : musefind-react-scripts
50 error If you need help, you may report this error at:
50 error     <https://github.com/npm/npm/issues>
51 verbose exit [ 1, true ]
